app/build/outputs/logs/manifest-merger-debug-report.txt
-- Merging decision tree log ---
manifest
ADDED from src\main\AndroidManifest.xml:2:1-40:12
	package
		ADDED from src\main\AndroidManifest.xml:3:11-38
		INJECTED from src\main\AndroidManifest.xml
		INJECTED from src\main\AndroidManifest.xml
	android:versionName
		ADDED from src\main\AndroidManifest.xml:5:11-36
		INJECTED from src\main\AndroidManifest.xml
		INJECTED from src\main\AndroidManifest.xml
	android:versionCode
		ADDED from src\main\AndroidManifest.xml:4:11-34
		INJECTED from src\main\AndroidManifest.xml
		INJECTED from src\main\AndroidManifest.xml
	xmlns:android
		ADDED from src\main\AndroidManifest.xml:2:11-69
uses-sdk
ADDED from src\main\AndroidManifest.xml:6:5-73
	android:targetSdkVersion
		ADDED from src\main\AndroidManifest.xml:6:42-71
		INJECTED from src\main\AndroidManifest.xml
		INJECTED from src\main\AndroidManifest.xml
	android:minSdkVersion
		ADDED from src\main\AndroidManifest.xml:6:15-41
		INJECTED from src\main\AndroidManifest.xml
		INJECTED from src\main\AndroidManifest.xml
uses-permission#android.permission.WAKE_LOCK
ADDED from src\main\AndroidManifest.xml:8:5-67
	android:name
		ADDED from src\main\AndroidManifest.xml:8:22-65
uses-permission#android.permission.ACCESS_NETWORK_STATE
ADDED from src\main\AndroidManifest.xml:9:5-78
	android:name
		ADDED from src\main\AndroidManifest.xml:9:22-76
uses-permission#android.permission.INTERNET
ADDED from src\main\AndroidManifest.xml:10:5-66
	android:name
		ADDED from src\main\AndroidManifest.xml:10:22-64
uses-permission#android.permission.WRITE_EXTERNAL_STORAGE
ADDED from src\main\AndroidManifest.xml:11:5-80
	android:name
		ADDED from src\main\AndroidManifest.xml:11:22-78
uses-permission#android.permission.DISABLE_KEYGUARD
ADDED from src\main\AndroidManifest.xml:12:5-74
	android:name
		ADDED from src\main\AndroidManifest.xml:12:22-72
uses-permission#android.permission.BIND_ACCESSIBILITY_SERVICE
ADDED from src\main\AndroidManifest.xml:13:5-84
	android:name
		ADDED from src\main\AndroidManifest.xml:13:22-82
application
ADDED from src\main\AndroidManifest.xml:15:5-39:19
	android:label
		ADDED from src\main\AndroidManifest.xml:15:18-50
	android:icon
		ADDED from src\main\AndroidManifest.xml:16:18-51
	android:theme
		ADDED from src\main\AndroidManifest.xml:18:18-65
	android:name
		ADDED from src\main\AndroidManifest.xml:17:18-67
activity#com.young.hongbao.MainActivity
ADDED from src\main\AndroidManifest.xml:19:9-25:20
	android:label
		ADDED from src\main\AndroidManifest.xml:20:19-51
	android:name
		ADDED from src\main\AndroidManifest.xml:19:19-64
intent-filter#android.intent.action.MAIN+android.intent.category.LAUNCHER
ADDED from src\main\AndroidManifest.xml:21:13-24:29
action#android.intent.action.MAIN
ADDED from src\main\AndroidManifest.xml:22:17-68
	android:name
		ADDED from src\main\AndroidManifest.xml:22:25-66
category#android.intent.category.LAUNCHER
ADDED from src\main\AndroidManifest.xml:23:17-76
	android:name
		ADDED from src\main\AndroidManifest.xml:23:27-74
service#com.young.hongbao.MonitorService
ADDED from src\main\AndroidManifest.xml:26:9-32:19
	android:permission
		ADDED from src\main\AndroidManifest.xml:27:18-84
	android:name
		ADDED from src\main\AndroidManifest.xml:26:18-48
intent-filter#android.accessibilityservice.AccessibilityService
ADDED from src\main\AndroidManifest.xml:28:13-30:29
action#android.accessibilityservice.AccessibilityService
ADDED from src\main\AndroidManifest.xml:29:17-91
	android:name
		ADDED from src\main\AndroidManifest.xml:29:25-89
meta-data#android.accessibilityservice
ADDED from src\main\AndroidManifest.xml:31:13-119
	android:resource
		ADDED from src\main\AndroidManifest.xml:31:68-117
	android:name
		ADDED from src\main\AndroidManifest.xml:31:24-67
service#com.young.hongbao.NotificationService
ADDED from src\main\AndroidManifest.xml:33:9-38:19
	android:permission
		ADDED from src\main\AndroidManifest.xml:34:18-92
	android:name
		ADDED from src\main\AndroidManifest.xml:33:18-53
intent-filter#android.service.notification.NotificationListenerService
ADDED from src\main\AndroidManifest.xml:35:13-37:29
action#android.service.notification.NotificationListenerService
ADDED from src\main\AndroidManifest.xml:36:17-99
	android:name
		ADDED from src\main\AndroidManifest.xml:36:25-96